{"total": {"lines":{"total":4845,"covered":4412,"skipped":0,"pct":91.06},"statements":{"total":4845,"covered":4412,"skipped":0,"pct":91.06},"functions":{"total":197,"covered":188,"skipped":0,"pct":95.43},"branches":{"total":884,"covered":630,"skipped":0,"pct":71.26},"branchesTrue":{"total":0,"covered":0,"skipped":0,"pct":100}}
,"/Users/romarich/Desktop/Projet_perso/Football_apps/Mobile_Foot/footalert-bff/src/server.ts": {"lines":{"total":261,"covered":232,"skipped":0,"pct":88.88},"functions":{"total":6,"covered":5,"skipped":0,"pct":83.33},"statements":{"total":261,"covered":232,"skipped":0,"pct":88.88},"branches":{"total":45,"covered":27,"skipped":0,"pct":60}}
,"/Users/romarich/Desktop/Projet_perso/Football_apps/Mobile_Foot/footalert-bff/src/config/env.ts": {"lines":{"total":201,"covered":182,"skipped":0,"pct":90.54},"functions":{"total":13,"covered":13,"skipped":0,"pct":100},"statements":{"total":201,"covered":182,"skipped":0,"pct":90.54},"branches":{"total":48,"covered":31,"skipped":0,"pct":64.58}}
,"/Users/romarich/Desktop/Projet_perso/Football_apps/Mobile_Foot/footalert-bff/src/lib/apiFootballClient.ts": {"lines":{"total":108,"covered":103,"skipped":0,"pct":95.37},"functions":{"total":10,"covered":9,"skipped":0,"pct":90},"statements":{"total":108,"covered":103,"skipped":0,"pct":95.37},"branches":{"total":26,"covered":23,"skipped":0,"pct":88.46}}
,"/Users/romarich/Desktop/Projet_perso/Football_apps/Mobile_Foot/footalert-bff/src/lib/cache.ts": {"lines":{"total":372,"covered":260,"skipped":0,"pct":69.89},"functions":{"total":30,"covered":25,"skipped":0,"pct":83.33},"statements":{"total":372,"covered":260,"skipped":0,"pct":69.89},"branches":{"total":55,"covered":35,"skipped":0,"pct":63.63}}
,"/Users/romarich/Desktop/Projet_perso/Football_apps/Mobile_Foot/footalert-bff/src/lib/errors.ts": {"lines":{"total":27,"covered":27,"skipped":0,"pct":100},"functions":{"total":7,"covered":7,"skipped":0,"pct":100},"statements":{"total":27,"covered":27,"skipped":0,"pct":100},"branches":{"total":7,"covered":7,"skipped":0,"pct":100}}
,"/Users/romarich/Desktop/Projet_perso/Football_apps/Mobile_Foot/footalert-bff/src/lib/mobileRequestAuth.ts": {"lines":{"total":150,"covered":122,"skipped":0,"pct":81.33},"functions":{"total":9,"covered":9,"skipped":0,"pct":100},"statements":{"total":150,"covered":122,"skipped":0,"pct":81.33},"branches":{"total":36,"covered":25,"skipped":0,"pct":69.44}}
,"/Users/romarich/Desktop/Projet_perso/Football_apps/Mobile_Foot/footalert-bff/src/lib/schemas.ts": {"lines":{"total":68,"covered":62,"skipped":0,"pct":91.17},"functions":{"total":3,"covered":3,"skipped":0,"pct":100},"statements":{"total":68,"covered":62,"skipped":0,"pct":91.17},"branches":{"total":15,"covered":14,"skipped":0,"pct":93.33}}
,"/Users/romarich/Desktop/Projet_perso/Football_apps/Mobile_Foot/footalert-bff/src/lib/validation.ts": {"lines":{"total":12,"covered":12,"skipped":0,"pct":100},"functions":{"total":2,"covered":2,"skipped":0,"pct":100},"statements":{"total":12,"covered":12,"skipped":0,"pct":100},"branches":{"total":4,"covered":4,"skipped":0,"pct":100}}
,"/Users/romarich/Desktop/Projet_perso/Football_apps/Mobile_Foot/footalert-bff/src/lib/concurrency/mapWithConcurrency.ts": {"lines":{"total":29,"covered":27,"skipped":0,"pct":93.1},"functions":{"total":2,"covered":2,"skipped":0,"pct":100},"statements":{"total":29,"covered":27,"skipped":0,"pct":93.1},"branches":{"total":9,"covered":8,"skipped":0,"pct":88.88}}
,"/Users/romarich/Desktop/Projet_perso/Football_apps/Mobile_Foot/footalert-bff/src/routes/capabilities.ts": {"lines":{"total":33,"covered":33,"skipped":0,"pct":100},"functions":{"total":2,"covered":2,"skipped":0,"pct":100},"statements":{"total":33,"covered":33,"skipped":0,"pct":100},"branches":{"total":2,"covered":2,"skipped":0,"pct":100}}
,"/Users/romarich/Desktop/Projet_perso/Football_apps/Mobile_Foot/footalert-bff/src/routes/competitions.ts": {"lines":{"total":1,"covered":1,"skipped":0,"pct":100},"functions":{"total":0,"covered":0,"skipped":0,"pct":100},"statements":{"total":1,"covered":1,"skipped":0,"pct":100},"branches":{"total":0,"covered":0,"skipped":0,"pct":100}}
,"/Users/romarich/Desktop/Projet_perso/Football_apps/Mobile_Foot/footalert-bff/src/routes/follows.ts": {"lines":{"total":196,"covered":196,"skipped":0,"pct":100},"functions":{"total":2,"covered":2,"skipped":0,"pct":100},"statements":{"total":196,"covered":196,"skipped":0,"pct":100},"branches":{"total":21,"covered":20,"skipped":0,"pct":95.23}}
,"/Users/romarich/Desktop/Projet_perso/Football_apps/Mobile_Foot/footalert-bff/src/routes/matches.ts": {"lines":{"total":1,"covered":1,"skipped":0,"pct":100},"functions":{"total":0,"covered":0,"skipped":0,"pct":100},"statements":{"total":1,"covered":1,"skipped":0,"pct":100},"branches":{"total":0,"covered":0,"skipped":0,"pct":100}}
,"/Users/romarich/Desktop/Projet_perso/Football_apps/Mobile_Foot/footalert-bff/src/routes/notifications.ts": {"lines":{"total":89,"covered":89,"skipped":0,"pct":100},"functions":{"total":3,"covered":3,"skipped":0,"pct":100},"statements":{"total":89,"covered":89,"skipped":0,"pct":100},"branches":{"total":10,"covered":9,"skipped":0,"pct":90}}
,"/Users/romarich/Desktop/Projet_perso/Football_apps/Mobile_Foot/footalert-bff/src/routes/players.ts": {"lines":{"total":7,"covered":7,"skipped":0,"pct":100},"functions":{"total":0,"covered":0,"skipped":0,"pct":100},"statements":{"total":7,"covered":7,"skipped":0,"pct":100},"branches":{"total":0,"covered":0,"skipped":0,"pct":100}}
,"/Users/romarich/Desktop/Projet_perso/Football_apps/Mobile_Foot/footalert-bff/src/routes/teams.ts": {"lines":{"total":1,"covered":1,"skipped":0,"pct":100},"functions":{"total":0,"covered":0,"skipped":0,"pct":100},"statements":{"total":1,"covered":1,"skipped":0,"pct":100},"branches":{"total":0,"covered":0,"skipped":0,"pct":100}}
,"/Users/romarich/Desktop/Projet_perso/Football_apps/Mobile_Foot/footalert-bff/src/routes/telemetry.ts": {"lines":{"total":176,"covered":170,"skipped":0,"pct":96.59},"functions":{"total":3,"covered":3,"skipped":0,"pct":100},"statements":{"total":176,"covered":170,"skipped":0,"pct":96.59},"branches":{"total":18,"covered":15,"skipped":0,"pct":83.33}}
,"/Users/romarich/Desktop/Projet_perso/Football_apps/Mobile_Foot/footalert-bff/src/routes/competitions/coreRoutes.ts": {"lines":{"total":36,"covered":35,"skipped":0,"pct":97.22},"functions":{"total":2,"covered":2,"skipped":0,"pct":100},"statements":{"total":36,"covered":35,"skipped":0,"pct":97.22},"branches":{"total":7,"covered":7,"skipped":0,"pct":100}}
,"/Users/romarich/Desktop/Projet_perso/Football_apps/Mobile_Foot/footalert-bff/src/routes/competitions/index.ts": {"lines":{"total":15,"covered":15,"skipped":0,"pct":100},"functions":{"total":2,"covered":2,"skipped":0,"pct":100},"statements":{"total":15,"covered":15,"skipped":0,"pct":100},"branches":{"total":2,"covered":2,"skipped":0,"pct":100}}
,"/Users/romarich/Desktop/Projet_perso/Football_apps/Mobile_Foot/footalert-bff/src/routes/competitions/matchesRoute.ts": {"lines":{"total":21,"covered":21,"skipped":0,"pct":100},"functions":{"total":2,"covered":2,"skipped":0,"pct":100},"statements":{"total":21,"covered":21,"skipped":0,"pct":100},"branches":{"total":4,"covered":4,"skipped":0,"pct":100}}
,"/Users/romarich/Desktop/Projet_perso/Football_apps/Mobile_Foot/footalert-bff/src/routes/competitions/playerStatsRoute.ts": {"lines":{"total":31,"covered":31,"skipped":0,"pct":100},"functions":{"total":2,"covered":2,"skipped":0,"pct":100},"statements":{"total":31,"covered":31,"skipped":0,"pct":100},"branches":{"total":4,"covered":4,"skipped":0,"pct":100}}
,"/Users/romarich/Desktop/Projet_perso/Football_apps/Mobile_Foot/footalert-bff/src/routes/competitions/schemas.ts": {"lines":{"total":72,"covered":72,"skipped":0,"pct":100},"functions":{"total":0,"covered":0,"skipped":0,"pct":100},"statements":{"total":72,"covered":72,"skipped":0,"pct":100},"branches":{"total":0,"covered":0,"skipped":0,"pct":100}}
,"/Users/romarich/Desktop/Projet_perso/Football_apps/Mobile_Foot/footalert-bff/src/routes/competitions/standingsRoute.ts": {"lines":{"total":32,"covered":32,"skipped":0,"pct":100},"functions":{"total":2,"covered":2,"skipped":0,"pct":100},"statements":{"total":32,"covered":32,"skipped":0,"pct":100},"branches":{"total":4,"covered":4,"skipped":0,"pct":100}}
,"/Users/romarich/Desktop/Projet_perso/Football_apps/Mobile_Foot/footalert-bff/src/routes/competitions/transfersMapper.ts": {"lines":{"total":117,"covered":117,"skipped":0,"pct":100},"functions":{"total":11,"covered":11,"skipped":0,"pct":100},"statements":{"total":117,"covered":117,"skipped":0,"pct":100},"branches":{"total":44,"covered":41,"skipped":0,"pct":93.18}}
,"/Users/romarich/Desktop/Projet_perso/Football_apps/Mobile_Foot/footalert-bff/src/routes/competitions/transfersRoute.ts": {"lines":{"total":169,"covered":163,"skipped":0,"pct":96.44},"functions":{"total":2,"covered":2,"skipped":0,"pct":100},"statements":{"total":169,"covered":163,"skipped":0,"pct":96.44},"branches":{"total":39,"covered":27,"skipped":0,"pct":69.23}}
,"/Users/romarich/Desktop/Projet_perso/Football_apps/Mobile_Foot/footalert-bff/src/routes/matches/absences.ts": {"lines":{"total":102,"covered":100,"skipped":0,"pct":98.03},"functions":{"total":6,"covered":6,"skipped":0,"pct":100},"statements":{"total":102,"covered":100,"skipped":0,"pct":98.03},"branches":{"total":41,"covered":40,"skipped":0,"pct":97.56}}
,"/Users/romarich/Desktop/Projet_perso/Football_apps/Mobile_Foot/footalert-bff/src/routes/matches/detailsRoutes.ts": {"lines":{"total":239,"covered":235,"skipped":0,"pct":98.32},"functions":{"total":2,"covered":2,"skipped":0,"pct":100},"statements":{"total":239,"covered":235,"skipped":0,"pct":98.32},"branches":{"total":39,"covered":32,"skipped":0,"pct":82.05}}
,"/Users/romarich/Desktop/Projet_perso/Football_apps/Mobile_Foot/footalert-bff/src/routes/matches/fixtureContext.ts": {"lines":{"total":72,"covered":72,"skipped":0,"pct":100},"functions":{"total":6,"covered":6,"skipped":0,"pct":100},"statements":{"total":72,"covered":72,"skipped":0,"pct":100},"branches":{"total":28,"covered":27,"skipped":0,"pct":96.42}}
,"/Users/romarich/Desktop/Projet_perso/Football_apps/Mobile_Foot/footalert-bff/src/routes/matches/index.ts": {"lines":{"total":9,"covered":9,"skipped":0,"pct":100},"functions":{"total":2,"covered":2,"skipped":0,"pct":100},"statements":{"total":9,"covered":9,"skipped":0,"pct":100},"branches":{"total":2,"covered":2,"skipped":0,"pct":100}}
,"/Users/romarich/Desktop/Projet_perso/Football_apps/Mobile_Foot/footalert-bff/src/routes/matches/listingRoutes.ts": {"lines":{"total":20,"covered":20,"skipped":0,"pct":100},"functions":{"total":2,"covered":2,"skipped":0,"pct":100},"statements":{"total":20,"covered":20,"skipped":0,"pct":100},"branches":{"total":4,"covered":4,"skipped":0,"pct":100}}
,"/Users/romarich/Desktop/Projet_perso/Football_apps/Mobile_Foot/footalert-bff/src/routes/matches/schemas.ts": {"lines":{"total":54,"covered":54,"skipped":0,"pct":100},"functions":{"total":0,"covered":0,"skipped":0,"pct":100},"statements":{"total":54,"covered":54,"skipped":0,"pct":100},"branches":{"total":0,"covered":0,"skipped":0,"pct":100}}
,"/Users/romarich/Desktop/Projet_perso/Football_apps/Mobile_Foot/footalert-bff/src/routes/matches/statistics.ts": {"lines":{"total":130,"covered":128,"skipped":0,"pct":98.46},"functions":{"total":6,"covered":6,"skipped":0,"pct":100},"statements":{"total":130,"covered":128,"skipped":0,"pct":98.46},"branches":{"total":53,"covered":46,"skipped":0,"pct":86.79}}
,"/Users/romarich/Desktop/Projet_perso/Football_apps/Mobile_Foot/footalert-bff/src/routes/players/careerMapper.ts": {"lines":{"total":393,"covered":336,"skipped":0,"pct":85.49},"functions":{"total":15,"covered":14,"skipped":0,"pct":93.33},"statements":{"total":393,"covered":336,"skipped":0,"pct":85.49},"branches":{"total":64,"covered":27,"skipped":0,"pct":42.18}}
,"/Users/romarich/Desktop/Projet_perso/Football_apps/Mobile_Foot/footalert-bff/src/routes/players/careerService.ts": {"lines":{"total":101,"covered":88,"skipped":0,"pct":87.12},"functions":{"total":3,"covered":3,"skipped":0,"pct":100},"statements":{"total":101,"covered":88,"skipped":0,"pct":87.12},"branches":{"total":17,"covered":12,"skipped":0,"pct":70.58}}
,"/Users/romarich/Desktop/Projet_perso/Football_apps/Mobile_Foot/footalert-bff/src/routes/players/index.ts": {"lines":{"total":161,"covered":155,"skipped":0,"pct":96.27},"functions":{"total":3,"covered":3,"skipped":0,"pct":100},"statements":{"total":161,"covered":155,"skipped":0,"pct":96.27},"branches":{"total":29,"covered":23,"skipped":0,"pct":79.31}}
,"/Users/romarich/Desktop/Projet_perso/Football_apps/Mobile_Foot/footalert-bff/src/routes/players/matchMapper.ts": {"lines":{"total":280,"covered":244,"skipped":0,"pct":87.14},"functions":{"total":8,"covered":8,"skipped":0,"pct":100},"statements":{"total":280,"covered":244,"skipped":0,"pct":87.14},"branches":{"total":32,"covered":15,"skipped":0,"pct":46.87}}
,"/Users/romarich/Desktop/Projet_perso/Football_apps/Mobile_Foot/footalert-bff/src/routes/players/schemas.ts": {"lines":{"total":47,"covered":47,"skipped":0,"pct":100},"functions":{"total":0,"covered":0,"skipped":0,"pct":100},"statements":{"total":47,"covered":47,"skipped":0,"pct":100},"branches":{"total":0,"covered":0,"skipped":0,"pct":100}}
,"/Users/romarich/Desktop/Projet_perso/Football_apps/Mobile_Foot/footalert-bff/src/routes/teams/advancedStats.ts": {"lines":{"total":333,"covered":312,"skipped":0,"pct":93.69},"functions":{"total":11,"covered":11,"skipped":0,"pct":100},"statements":{"total":333,"covered":312,"skipped":0,"pct":93.69},"branches":{"total":60,"covered":33,"skipped":0,"pct":55}}
,"/Users/romarich/Desktop/Projet_perso/Football_apps/Mobile_Foot/footalert-bff/src/routes/teams/helpers.ts": {"lines":{"total":174,"covered":120,"skipped":0,"pct":68.96},"functions":{"total":12,"covered":11,"skipped":0,"pct":91.66},"statements":{"total":174,"covered":120,"skipped":0,"pct":68.96},"branches":{"total":32,"covered":16,"skipped":0,"pct":50}}
,"/Users/romarich/Desktop/Projet_perso/Football_apps/Mobile_Foot/footalert-bff/src/routes/teams/index.ts": {"lines":{"total":262,"covered":261,"skipped":0,"pct":99.61},"functions":{"total":2,"covered":2,"skipped":0,"pct":100},"statements":{"total":262,"covered":261,"skipped":0,"pct":99.61},"branches":{"total":35,"covered":27,"skipped":0,"pct":77.14}}
,"/Users/romarich/Desktop/Projet_perso/Football_apps/Mobile_Foot/footalert-bff/src/routes/teams/schemas.ts": {"lines":{"total":40,"covered":40,"skipped":0,"pct":100},"functions":{"total":0,"covered":0,"skipped":0,"pct":100},"statements":{"total":40,"covered":40,"skipped":0,"pct":100},"branches":{"total":0,"covered":0,"skipped":0,"pct":100}}
,"/Users/romarich/Desktop/Projet_perso/Football_apps/Mobile_Foot/footalert-bff/src/routes/teams/transfers.ts": {"lines":{"total":108,"covered":96,"skipped":0,"pct":88.88},"functions":{"total":2,"covered":2,"skipped":0,"pct":100},"statements":{"total":108,"covered":96,"skipped":0,"pct":88.88},"branches":{"total":28,"covered":4,"skipped":0,"pct":14.28}}
,"/Users/romarich/Desktop/Projet_perso/Football_apps/Mobile_Foot/footalert-bff/src/routes/teams/trophies.ts": {"lines":{"total":95,"covered":84,"skipped":0,"pct":88.42},"functions":{"total":2,"covered":2,"skipped":0,"pct":100},"statements":{"total":95,"covered":84,"skipped":0,"pct":88.42},"branches":{"total":20,"covered":13,"skipped":0,"pct":65}}
}
